2023-05-21 14:05:339 INFO  BankManagerLoginPage :24 - Clicking On Bank Manager Login Button : [[ChromeDriver: chrome on WINDOWS (ddbef09d8381f55bd64daf87a66e5ba3)] -> xpath: //button[normalize-space()='Bank Manager Login']]
2023-05-21 14:05:596 INFO  AddCustomerPage :45 - Clicking On Add Customer Button : [[ChromeDriver: chrome on WINDOWS (ddbef09d8381f55bd64daf87a66e5ba3)] -> xpath: //button[normalize-space()='Add Customer']]
2023-05-21 14:05:93 INFO  AddCustomerPage :50 - Entering First Name Into First Name Filed : [[ChromeDriver: chrome on WINDOWS (ddbef09d8381f55bd64daf87a66e5ba3)] -> xpath: //input[@placeholder='First Name']]
2023-05-21 14:05:241 INFO  AddCustomerPage :55 - Entering Last Name Into Last Name Field : [[ChromeDriver: chrome on WINDOWS (ddbef09d8381f55bd64daf87a66e5ba3)] -> xpath: //input[@placeholder='Last Name']]
2023-05-21 14:05:398 INFO  AddCustomerPage :60 - Entering Postcode Into Postcode Field : [[ChromeDriver: chrome on WINDOWS (ddbef09d8381f55bd64daf87a66e5ba3)] -> xpath: //input[@placeholder='Post Code']]
2023-05-21 14:05:512 INFO  AddCustomerPage :65 - Clicking On Add Customer Button : [[ChromeDriver: chrome on WINDOWS (ddbef09d8381f55bd64daf87a66e5ba3)] -> xpath: //button[@type='submit']]
2023-05-21 14:05:460 INFO  BankManagerLoginPage :24 - Clicking On Bank Manager Login Button : [[ChromeDriver: chrome on WINDOWS (a637aa058f665c4379c64a43b8b7cd22)] -> xpath: //button[normalize-space()='Bank Manager Login']]
2023-05-21 14:05:830 INFO  OpenAccountPage :42 - Clicking On Open An Account Button : [[ChromeDriver: chrome on WINDOWS (a637aa058f665c4379c64a43b8b7cd22)] -> xpath: //button[normalize-space()='Open Account']]
2023-05-21 14:05:137 INFO  OpenAccountPage :48 - Clicking On The Customer Name Drop Down : [[ChromeDriver: chrome on WINDOWS (a637aa058f665c4379c64a43b8b7cd22)] -> css selector: #userSelect]
2023-05-21 14:05:329 INFO  OpenAccountPage :50 - Selecting Customer Name From The Drop Down : [[ChromeDriver: chrome on WINDOWS (a637aa058f665c4379c64a43b8b7cd22)] -> css selector: #userSelect]
2023-05-21 14:05:447 INFO  OpenAccountPage :56 - Clicking On The Currency Drop Down : [[ChromeDriver: chrome on WINDOWS (a637aa058f665c4379c64a43b8b7cd22)] -> xpath: //select[@id='currency']]
2023-05-21 14:05:565 INFO  OpenAccountPage :58 - Selecting The Desired Currency From Currency Drop Down : [[ChromeDriver: chrome on WINDOWS (a637aa058f665c4379c64a43b8b7cd22)] -> xpath: //select[@id='currency']]
2023-05-21 14:05:666 INFO  OpenAccountPage :63 - Clicking On The Process Button : [[ChromeDriver: chrome on WINDOWS (a637aa058f665c4379c64a43b8b7cd22)] -> xpath: //button[@type='submit']]
2023-05-21 14:05:818 INFO  CustomerLoginPage :45 - Clicking On Customer Login Button : [[ChromeDriver: chrome on WINDOWS (b17e306fa7176bb1a440576dcc9c0f86)] -> xpath: //button[@type='submit']]
2023-05-21 14:05:958 INFO  CustomerLoginPage :51 - Clicking On Customer Name Selection Drop Down : [[ChromeDriver: chrome on WINDOWS (b17e306fa7176bb1a440576dcc9c0f86)] -> xpath: //select[@id='userSelect']]
2023-05-21 14:05:105 INFO  CustomerLoginPage :53 - Selecting Customer Name From The Drop Down : [[ChromeDriver: chrome on WINDOWS (b17e306fa7176bb1a440576dcc9c0f86)] -> xpath: //select[@id='userSelect']]
2023-05-21 14:05:274 INFO  CustomerLoginPage :58 - Clicking On Login Button : [[ChromeDriver: chrome on WINDOWS (b17e306fa7176bb1a440576dcc9c0f86)] -> xpath: //button[@type='submit']]
2023-05-21 14:05:469 INFO  CustomerLoginPage :63 - Verifying Whether The Logout Tab Is Displayed Or Not : 
2023-05-21 14:05:547 INFO  CustomerLoginPage :69 - Clicking On Logout Tab : [[ChromeDriver: chrome on WINDOWS (b17e306fa7176bb1a440576dcc9c0f86)] -> xpath: //button[@class='btn logout']]
2023-05-21 14:05:512 INFO  CustomerLoginPage :45 - Clicking On Customer Login Button : [[ChromeDriver: chrome on WINDOWS (320900d68eb28886e8592637fdd09340)] -> xpath: //button[@type='submit']]
2023-05-21 14:05:648 INFO  CustomerLoginPage :51 - Clicking On Customer Name Selection Drop Down : [[ChromeDriver: chrome on WINDOWS (320900d68eb28886e8592637fdd09340)] -> xpath: //select[@id='userSelect']]
2023-05-21 14:05:775 INFO  CustomerLoginPage :53 - Selecting Customer Name From The Drop Down : [[ChromeDriver: chrome on WINDOWS (320900d68eb28886e8592637fdd09340)] -> xpath: //select[@id='userSelect']]
2023-05-21 14:05:968 INFO  CustomerLoginPage :58 - Clicking On Login Button : [[ChromeDriver: chrome on WINDOWS (320900d68eb28886e8592637fdd09340)] -> xpath: //button[@type='submit']]
2023-05-21 14:05:135 INFO  AccountPage :49 - Clicking On Deposit Button : [[ChromeDriver: chrome on WINDOWS (320900d68eb28886e8592637fdd09340)] -> xpath: //button[normalize-space()='Deposit']]
2023-05-21 14:05:423 INFO  AccountPage :54 - Entering The Amount Into Amount Field : [[ChromeDriver: chrome on WINDOWS (320900d68eb28886e8592637fdd09340)] -> xpath: //input[@placeholder='amount']]
2023-05-21 14:05:511 INFO  AccountPage :59 - Clicking On Deposit Button : [[ChromeDriver: chrome on WINDOWS (320900d68eb28886e8592637fdd09340)] -> xpath: //button[@type='submit']]
2023-05-21 14:05:722 INFO  CustomerLoginPage :45 - Clicking On Customer Login Button : [[ChromeDriver: chrome on WINDOWS (47432d7c655a4779c6fcbc3382b413a7)] -> xpath: //button[@type='submit']]
2023-05-21 14:05:870 INFO  CustomerLoginPage :51 - Clicking On Customer Name Selection Drop Down : [[ChromeDriver: chrome on WINDOWS (47432d7c655a4779c6fcbc3382b413a7)] -> xpath: //select[@id='userSelect']]
2023-05-21 14:05:00 INFO  CustomerLoginPage :53 - Selecting Customer Name From The Drop Down : [[ChromeDriver: chrome on WINDOWS (47432d7c655a4779c6fcbc3382b413a7)] -> xpath: //select[@id='userSelect']]
2023-05-21 14:05:262 INFO  CustomerLoginPage :58 - Clicking On Login Button : [[ChromeDriver: chrome on WINDOWS (47432d7c655a4779c6fcbc3382b413a7)] -> xpath: //button[@type='submit']]
2023-05-21 14:05:574 INFO  AccountPage :64 - Clicking On Withdraw Button : [[ChromeDriver: chrome on WINDOWS (47432d7c655a4779c6fcbc3382b413a7)] -> xpath: //button[@type='submit']]
2023-05-21 14:05:672 INFO  AccountPage :54 - Entering The Amount Into Amount Field : [[ChromeDriver: chrome on WINDOWS (47432d7c655a4779c6fcbc3382b413a7)] -> xpath: //input[@placeholder='amount']]
2023-05-21 14:05:755 INFO  AccountPage :74 - Clicking On Withdraw Button : [[ChromeDriver: chrome on WINDOWS (47432d7c655a4779c6fcbc3382b413a7)] -> xpath: //button[@type='submit']]
2023-05-22 22:05:591 INFO  BankManagerLoginPage :24 - Clicking On Bank Manager Login Button : [[ChromeDriver: chrome on WINDOWS (839fcc315c485dee5a96f167e912fb97)] -> xpath: //button[normalize-space()='Bank Manager Login']]
2023-05-22 22:05:880 INFO  AddCustomerPage :45 - Clicking On Add Customer Button : [[ChromeDriver: chrome on WINDOWS (839fcc315c485dee5a96f167e912fb97)] -> xpath: //button[normalize-space()='Add Customer']]
2023-05-22 22:05:317 INFO  AddCustomerPage :50 - Entering First Name Into First Name Filed : [[ChromeDriver: chrome on WINDOWS (839fcc315c485dee5a96f167e912fb97)] -> xpath: //input[@placeholder='First Name']]
2023-05-22 22:05:437 INFO  AddCustomerPage :55 - Entering Last Name Into Last Name Field : [[ChromeDriver: chrome on WINDOWS (839fcc315c485dee5a96f167e912fb97)] -> xpath: //input[@placeholder='Last Name']]
2023-05-22 22:05:596 INFO  AddCustomerPage :60 - Entering Postcode Into Postcode Field : [[ChromeDriver: chrome on WINDOWS (839fcc315c485dee5a96f167e912fb97)] -> xpath: //input[@placeholder='Post Code']]
2023-05-22 22:05:774 INFO  AddCustomerPage :65 - Clicking On Add Customer Button : [[ChromeDriver: chrome on WINDOWS (839fcc315c485dee5a96f167e912fb97)] -> xpath: //button[@type='submit']]
2023-05-22 22:05:724 INFO  BankManagerLoginPage :24 - Clicking On Bank Manager Login Button : [[ChromeDriver: chrome on WINDOWS (df4fcf5ac08138d13b3e11a2ee958322)] -> xpath: //button[normalize-space()='Bank Manager Login']]
2023-05-22 22:05:990 INFO  OpenAccountPage :42 - Clicking On Open An Account Button : [[ChromeDriver: chrome on WINDOWS (df4fcf5ac08138d13b3e11a2ee958322)] -> xpath: //button[normalize-space()='Open Account']]
2023-05-22 22:05:329 INFO  OpenAccountPage :48 - Clicking On The Customer Name Drop Down : [[ChromeDriver: chrome on WINDOWS (df4fcf5ac08138d13b3e11a2ee958322)] -> css selector: #userSelect]
2023-05-22 22:05:459 INFO  OpenAccountPage :50 - Selecting Customer Name From The Drop Down : [[ChromeDriver: chrome on WINDOWS (df4fcf5ac08138d13b3e11a2ee958322)] -> css selector: #userSelect]
2023-05-22 22:05:559 INFO  OpenAccountPage :56 - Clicking On The Currency Drop Down : [[ChromeDriver: chrome on WINDOWS (df4fcf5ac08138d13b3e11a2ee958322)] -> xpath: //select[@id='currency']]
2023-05-22 22:05:662 INFO  OpenAccountPage :58 - Selecting The Desired Currency From Currency Drop Down : [[ChromeDriver: chrome on WINDOWS (df4fcf5ac08138d13b3e11a2ee958322)] -> xpath: //select[@id='currency']]
2023-05-22 22:05:736 INFO  OpenAccountPage :63 - Clicking On The Process Button : [[ChromeDriver: chrome on WINDOWS (df4fcf5ac08138d13b3e11a2ee958322)] -> xpath: //button[@type='submit']]
2023-05-22 22:05:562 INFO  CustomerLoginPage :45 - Clicking On Customer Login Button : [[ChromeDriver: chrome on WINDOWS (3214ddd4bff3181ab748d850697245a6)] -> xpath: //button[@type='submit']]
2023-05-22 22:05:690 INFO  CustomerLoginPage :51 - Clicking On Customer Name Selection Drop Down : [[ChromeDriver: chrome on WINDOWS (3214ddd4bff3181ab748d850697245a6)] -> xpath: //select[@id='userSelect']]
2023-05-22 22:05:853 INFO  CustomerLoginPage :53 - Selecting Customer Name From The Drop Down : [[ChromeDriver: chrome on WINDOWS (3214ddd4bff3181ab748d850697245a6)] -> xpath: //select[@id='userSelect']]
2023-05-22 22:05:980 INFO  CustomerLoginPage :58 - Clicking On Login Button : [[ChromeDriver: chrome on WINDOWS (3214ddd4bff3181ab748d850697245a6)] -> xpath: //button[@type='submit']]
2023-05-22 22:05:297 INFO  CustomerLoginPage :63 - Verifying Whether The Logout Tab Is Displayed Or Not : 
2023-05-22 22:05:360 INFO  CustomerLoginPage :69 - Clicking On Logout Tab : [[ChromeDriver: chrome on WINDOWS (3214ddd4bff3181ab748d850697245a6)] -> xpath: //button[@class='btn logout']]
2023-05-22 22:05:19 INFO  CustomerLoginPage :45 - Clicking On Customer Login Button : [[ChromeDriver: chrome on WINDOWS (b9a637e34783b85b86b6948ec1bf1bae)] -> xpath: //button[@type='submit']]
2023-05-22 22:05:107 INFO  CustomerLoginPage :51 - Clicking On Customer Name Selection Drop Down : [[ChromeDriver: chrome on WINDOWS (b9a637e34783b85b86b6948ec1bf1bae)] -> xpath: //select[@id='userSelect']]
2023-05-22 22:05:215 INFO  CustomerLoginPage :53 - Selecting Customer Name From The Drop Down : [[ChromeDriver: chrome on WINDOWS (b9a637e34783b85b86b6948ec1bf1bae)] -> xpath: //select[@id='userSelect']]
2023-05-22 22:05:371 INFO  CustomerLoginPage :58 - Clicking On Login Button : [[ChromeDriver: chrome on WINDOWS (b9a637e34783b85b86b6948ec1bf1bae)] -> xpath: //button[@type='submit']]
2023-05-22 22:05:565 INFO  AccountPage :49 - Clicking On Deposit Button : [[ChromeDriver: chrome on WINDOWS (b9a637e34783b85b86b6948ec1bf1bae)] -> xpath: //button[normalize-space()='Deposit']]
2023-05-22 22:05:957 INFO  AccountPage :54 - Entering The Amount Into Amount Field : [[ChromeDriver: chrome on WINDOWS (b9a637e34783b85b86b6948ec1bf1bae)] -> xpath: //input[@placeholder='amount']]
2023-05-22 22:05:28 INFO  AccountPage :59 - Clicking On Deposit Button : [[ChromeDriver: chrome on WINDOWS (b9a637e34783b85b86b6948ec1bf1bae)] -> xpath: //button[@type='submit']]
2023-05-22 22:05:790 INFO  CustomerLoginPage :45 - Clicking On Customer Login Button : [[ChromeDriver: chrome on WINDOWS (36b0e9b108a68a70ae4b7b98a00a4a77)] -> xpath: //button[@type='submit']]
2023-05-22 22:05:935 INFO  CustomerLoginPage :51 - Clicking On Customer Name Selection Drop Down : [[ChromeDriver: chrome on WINDOWS (36b0e9b108a68a70ae4b7b98a00a4a77)] -> xpath: //select[@id='userSelect']]
2023-05-22 22:05:79 INFO  CustomerLoginPage :53 - Selecting Customer Name From The Drop Down : [[ChromeDriver: chrome on WINDOWS (36b0e9b108a68a70ae4b7b98a00a4a77)] -> xpath: //select[@id='userSelect']]
2023-05-22 22:05:190 INFO  CustomerLoginPage :58 - Clicking On Login Button : [[ChromeDriver: chrome on WINDOWS (36b0e9b108a68a70ae4b7b98a00a4a77)] -> xpath: //button[@type='submit']]
2023-05-22 22:05:850 INFO  AccountPage :64 - Clicking On Withdraw Button : [[ChromeDriver: chrome on WINDOWS (36b0e9b108a68a70ae4b7b98a00a4a77)] -> xpath: //button[@type='submit']]
2023-05-22 22:05:961 INFO  AccountPage :54 - Entering The Amount Into Amount Field : [[ChromeDriver: chrome on WINDOWS (36b0e9b108a68a70ae4b7b98a00a4a77)] -> xpath: //input[@placeholder='amount']]
2023-05-22 22:05:49 INFO  AccountPage :74 - Clicking On Withdraw Button : [[ChromeDriver: chrome on WINDOWS (36b0e9b108a68a70ae4b7b98a00a4a77)] -> xpath: //button[@type='submit']]
2023-05-22 22:05:732 INFO  BankManagerLoginPage :24 - Clicking On Bank Manager Login Button : [[ChromeDriver: chrome on WINDOWS (c51d41f1c6f0dd0c7b4f836e9516423f)] -> xpath: //button[normalize-space()='Bank Manager Login']]
2023-05-22 22:05:108 INFO  AddCustomerPage :45 - Clicking On Add Customer Button : [[ChromeDriver: chrome on WINDOWS (c51d41f1c6f0dd0c7b4f836e9516423f)] -> xpath: //button[normalize-space()='Add Customer']]
2023-05-22 22:05:445 INFO  AddCustomerPage :50 - Entering First Name Into First Name Filed : [[ChromeDriver: chrome on WINDOWS (c51d41f1c6f0dd0c7b4f836e9516423f)] -> xpath: //input[@placeholder='First Name']]
2023-05-22 22:05:565 INFO  AddCustomerPage :55 - Entering Last Name Into Last Name Field : [[ChromeDriver: chrome on WINDOWS (c51d41f1c6f0dd0c7b4f836e9516423f)] -> xpath: //input[@placeholder='Last Name']]
2023-05-22 22:05:701 INFO  AddCustomerPage :60 - Entering Postcode Into Postcode Field : [[ChromeDriver: chrome on WINDOWS (c51d41f1c6f0dd0c7b4f836e9516423f)] -> xpath: //input[@placeholder='Post Code']]
2023-05-22 22:05:837 INFO  AddCustomerPage :65 - Clicking On Add Customer Button : [[ChromeDriver: chrome on WINDOWS (c51d41f1c6f0dd0c7b4f836e9516423f)] -> xpath: //button[@type='submit']]
2023-05-22 22:05:90 INFO  BankManagerLoginPage :24 - Clicking On Bank Manager Login Button : [[ChromeDriver: chrome on WINDOWS (c7b180b8aa35dc8ea594055b34aaa448)] -> xpath: //button[normalize-space()='Bank Manager Login']]
2023-05-22 22:05:464 INFO  OpenAccountPage :42 - Clicking On Open An Account Button : [[ChromeDriver: chrome on WINDOWS (c7b180b8aa35dc8ea594055b34aaa448)] -> xpath: //button[normalize-space()='Open Account']]
2023-05-22 22:05:765 INFO  OpenAccountPage :48 - Clicking On The Customer Name Drop Down : [[ChromeDriver: chrome on WINDOWS (c7b180b8aa35dc8ea594055b34aaa448)] -> css selector: #userSelect]
2023-05-22 22:05:916 INFO  OpenAccountPage :50 - Selecting Customer Name From The Drop Down : [[ChromeDriver: chrome on WINDOWS (c7b180b8aa35dc8ea594055b34aaa448)] -> css selector: #userSelect]
2023-05-22 22:05:20 INFO  OpenAccountPage :56 - Clicking On The Currency Drop Down : [[ChromeDriver: chrome on WINDOWS (c7b180b8aa35dc8ea594055b34aaa448)] -> xpath: //select[@id='currency']]
2023-05-22 22:05:149 INFO  OpenAccountPage :58 - Selecting The Desired Currency From Currency Drop Down : [[ChromeDriver: chrome on WINDOWS (c7b180b8aa35dc8ea594055b34aaa448)] -> xpath: //select[@id='currency']]
2023-05-22 22:05:225 INFO  OpenAccountPage :63 - Clicking On The Process Button : [[ChromeDriver: chrome on WINDOWS (c7b180b8aa35dc8ea594055b34aaa448)] -> xpath: //button[@type='submit']]
2023-05-22 22:05:921 INFO  CustomerLoginPage :45 - Clicking On Customer Login Button : [[ChromeDriver: chrome on WINDOWS (68274669a5f37da2b7f0b07a31f23096)] -> xpath: //button[@type='submit']]
2023-05-22 22:05:58 INFO  CustomerLoginPage :51 - Clicking On Customer Name Selection Drop Down : [[ChromeDriver: chrome on WINDOWS (68274669a5f37da2b7f0b07a31f23096)] -> xpath: //select[@id='userSelect']]
2023-05-22 22:05:204 INFO  CustomerLoginPage :53 - Selecting Customer Name From The Drop Down : [[ChromeDriver: chrome on WINDOWS (68274669a5f37da2b7f0b07a31f23096)] -> xpath: //select[@id='userSelect']]
2023-05-22 22:05:285 INFO  CustomerLoginPage :58 - Clicking On Login Button : [[ChromeDriver: chrome on WINDOWS (68274669a5f37da2b7f0b07a31f23096)] -> xpath: //button[@type='submit']]
2023-05-22 22:05:646 INFO  CustomerLoginPage :63 - Verifying Whether The Logout Tab Is Displayed Or Not : 
2023-05-22 22:05:705 INFO  CustomerLoginPage :69 - Clicking On Logout Tab : [[ChromeDriver: chrome on WINDOWS (68274669a5f37da2b7f0b07a31f23096)] -> xpath: //button[@class='btn logout']]
2023-05-22 22:05:534 INFO  CustomerLoginPage :45 - Clicking On Customer Login Button : [[ChromeDriver: chrome on WINDOWS (9d0936dc5838a36f854ca2bd4f72c578)] -> xpath: //button[@type='submit']]
2023-05-22 22:05:625 INFO  CustomerLoginPage :51 - Clicking On Customer Name Selection Drop Down : [[ChromeDriver: chrome on WINDOWS (9d0936dc5838a36f854ca2bd4f72c578)] -> xpath: //select[@id='userSelect']]
2023-05-22 22:05:770 INFO  CustomerLoginPage :53 - Selecting Customer Name From The Drop Down : [[ChromeDriver: chrome on WINDOWS (9d0936dc5838a36f854ca2bd4f72c578)] -> xpath: //select[@id='userSelect']]
2023-05-22 22:05:867 INFO  CustomerLoginPage :58 - Clicking On Login Button : [[ChromeDriver: chrome on WINDOWS (9d0936dc5838a36f854ca2bd4f72c578)] -> xpath: //button[@type='submit']]
2023-05-22 22:05:181 INFO  AccountPage :49 - Clicking On Deposit Button : [[ChromeDriver: chrome on WINDOWS (9d0936dc5838a36f854ca2bd4f72c578)] -> xpath: //button[normalize-space()='Deposit']]
2023-05-22 22:05:507 INFO  AccountPage :54 - Entering The Amount Into Amount Field : [[ChromeDriver: chrome on WINDOWS (9d0936dc5838a36f854ca2bd4f72c578)] -> xpath: //input[@placeholder='amount']]
2023-05-22 22:05:568 INFO  AccountPage :59 - Clicking On Deposit Button : [[ChromeDriver: chrome on WINDOWS (9d0936dc5838a36f854ca2bd4f72c578)] -> xpath: //button[@type='submit']]
2023-05-24 21:05:511 INFO  BankManagerLoginPage :24 - Clicking On Bank Manager Login Button : [[ChromeDriver: chrome on WINDOWS (fc9779e40ee804b9e01261c9c614d5eb)] -> xpath: //button[normalize-space()='Bank Manager Login']]
2023-05-24 21:05:916 INFO  AddCustomerPage :45 - Clicking On Add Customer Button : [[ChromeDriver: chrome on WINDOWS (fc9779e40ee804b9e01261c9c614d5eb)] -> xpath: //button[normalize-space()='Add Customer']]
2023-05-24 21:05:285 INFO  AddCustomerPage :50 - Entering First Name Into First Name Filed : [[ChromeDriver: chrome on WINDOWS (fc9779e40ee804b9e01261c9c614d5eb)] -> xpath: //input[@placeholder='First Name']]
2023-05-24 21:05:371 INFO  AddCustomerPage :55 - Entering Last Name Into Last Name Field : [[ChromeDriver: chrome on WINDOWS (fc9779e40ee804b9e01261c9c614d5eb)] -> xpath: //input[@placeholder='Last Name']]
2023-05-24 21:05:460 INFO  AddCustomerPage :60 - Entering Postcode Into Postcode Field : [[ChromeDriver: chrome on WINDOWS (fc9779e40ee804b9e01261c9c614d5eb)] -> xpath: //input[@placeholder='Post Code']]
2023-05-24 21:05:543 INFO  AddCustomerPage :65 - Clicking On Add Customer Button : [[ChromeDriver: chrome on WINDOWS (fc9779e40ee804b9e01261c9c614d5eb)] -> xpath: //button[@type='submit']]
2023-05-24 21:05:824 INFO  BankManagerLoginPage :24 - Clicking On Bank Manager Login Button : [[ChromeDriver: chrome on WINDOWS (e60feea6042980d4dea94a819dcd34d7)] -> xpath: //button[normalize-space()='Bank Manager Login']]
2023-05-24 21:05:186 INFO  OpenAccountPage :42 - Clicking On Open An Account Button : [[ChromeDriver: chrome on WINDOWS (e60feea6042980d4dea94a819dcd34d7)] -> xpath: //button[normalize-space()='Open Account']]
2023-05-24 21:05:589 INFO  OpenAccountPage :48 - Clicking On The Customer Name Drop Down : [[ChromeDriver: chrome on WINDOWS (e60feea6042980d4dea94a819dcd34d7)] -> css selector: #userSelect]
2023-05-24 21:05:708 INFO  OpenAccountPage :50 - Selecting Customer Name From The Drop Down : [[ChromeDriver: chrome on WINDOWS (e60feea6042980d4dea94a819dcd34d7)] -> css selector: #userSelect]
2023-05-24 21:05:789 INFO  OpenAccountPage :56 - Clicking On The Currency Drop Down : [[ChromeDriver: chrome on WINDOWS (e60feea6042980d4dea94a819dcd34d7)] -> xpath: //select[@id='currency']]
2023-05-24 21:05:868 INFO  OpenAccountPage :58 - Selecting The Desired Currency From Currency Drop Down : [[ChromeDriver: chrome on WINDOWS (e60feea6042980d4dea94a819dcd34d7)] -> xpath: //select[@id='currency']]
2023-05-24 21:05:933 INFO  OpenAccountPage :63 - Clicking On The Process Button : [[ChromeDriver: chrome on WINDOWS (e60feea6042980d4dea94a819dcd34d7)] -> xpath: //button[@type='submit']]
2023-05-24 21:05:569 INFO  CustomerLoginPage :45 - Clicking On Customer Login Button : [[ChromeDriver: chrome on WINDOWS (6adad558314969f2045d3d2defd6983a)] -> xpath: //button[@type='submit']]
2023-05-24 21:05:642 INFO  CustomerLoginPage :51 - Clicking On Customer Name Selection Drop Down : [[ChromeDriver: chrome on WINDOWS (6adad558314969f2045d3d2defd6983a)] -> xpath: //select[@id='userSelect']]
2023-05-24 21:05:747 INFO  CustomerLoginPage :53 - Selecting Customer Name From The Drop Down : [[ChromeDriver: chrome on WINDOWS (6adad558314969f2045d3d2defd6983a)] -> xpath: //select[@id='userSelect']]
2023-05-24 21:05:878 INFO  CustomerLoginPage :58 - Clicking On Login Button : [[ChromeDriver: chrome on WINDOWS (6adad558314969f2045d3d2defd6983a)] -> xpath: //button[@type='submit']]
2023-05-24 21:05:142 INFO  CustomerLoginPage :63 - Verifying Whether The Logout Tab Is Displayed Or Not : 
2023-05-24 21:05:196 INFO  CustomerLoginPage :69 - Clicking On Logout Tab : [[ChromeDriver: chrome on WINDOWS (6adad558314969f2045d3d2defd6983a)] -> xpath: //button[@class='btn logout']]
2023-05-24 21:05:781 INFO  CustomerLoginPage :45 - Clicking On Customer Login Button : [[ChromeDriver: chrome on WINDOWS (97ea054c2a341ebf3ebea84ccb1af9d6)] -> xpath: //button[@type='submit']]
2023-05-24 21:05:883 INFO  CustomerLoginPage :51 - Clicking On Customer Name Selection Drop Down : [[ChromeDriver: chrome on WINDOWS (97ea054c2a341ebf3ebea84ccb1af9d6)] -> xpath: //select[@id='userSelect']]
2023-05-24 21:05:979 INFO  CustomerLoginPage :53 - Selecting Customer Name From The Drop Down : [[ChromeDriver: chrome on WINDOWS (97ea054c2a341ebf3ebea84ccb1af9d6)] -> xpath: //select[@id='userSelect']]
2023-05-24 21:05:102 INFO  CustomerLoginPage :58 - Clicking On Login Button : [[ChromeDriver: chrome on WINDOWS (97ea054c2a341ebf3ebea84ccb1af9d6)] -> xpath: //button[@type='submit']]
2023-05-24 21:05:376 INFO  AccountPage :49 - Clicking On Deposit Button : [[ChromeDriver: chrome on WINDOWS (97ea054c2a341ebf3ebea84ccb1af9d6)] -> xpath: //button[normalize-space()='Deposit']]
2023-05-24 21:05:721 INFO  AccountPage :54 - Entering The Amount Into Amount Field : [[ChromeDriver: chrome on WINDOWS (97ea054c2a341ebf3ebea84ccb1af9d6)] -> xpath: //input[@placeholder='amount']]
2023-05-24 21:05:776 INFO  AccountPage :59 - Clicking On Deposit Button : [[ChromeDriver: chrome on WINDOWS (97ea054c2a341ebf3ebea84ccb1af9d6)] -> xpath: //button[@type='submit']]
2023-05-24 21:05:136 INFO  CustomerLoginPage :45 - Clicking On Customer Login Button : [[ChromeDriver: chrome on WINDOWS (15471d26adc9105aacff43efdc6a6e36)] -> xpath: //button[@type='submit']]
2023-05-24 21:05:229 INFO  CustomerLoginPage :51 - Clicking On Customer Name Selection Drop Down : [[ChromeDriver: chrome on WINDOWS (15471d26adc9105aacff43efdc6a6e36)] -> xpath: //select[@id='userSelect']]
2023-05-24 21:05:301 INFO  CustomerLoginPage :53 - Selecting Customer Name From The Drop Down : [[ChromeDriver: chrome on WINDOWS (15471d26adc9105aacff43efdc6a6e36)] -> xpath: //select[@id='userSelect']]
2023-05-24 21:05:579 INFO  CustomerLoginPage :58 - Clicking On Login Button : [[ChromeDriver: chrome on WINDOWS (15471d26adc9105aacff43efdc6a6e36)] -> xpath: //button[@type='submit']]
2023-05-24 21:05:988 INFO  AccountPage :64 - Clicking On Withdraw Button : [[ChromeDriver: chrome on WINDOWS (15471d26adc9105aacff43efdc6a6e36)] -> xpath: //button[@type='submit']]
2023-05-24 21:05:71 INFO  AccountPage :54 - Entering The Amount Into Amount Field : [[ChromeDriver: chrome on WINDOWS (15471d26adc9105aacff43efdc6a6e36)] -> xpath: //input[@placeholder='amount']]
2023-05-24 21:05:137 INFO  AccountPage :74 - Clicking On Withdraw Button : [[ChromeDriver: chrome on WINDOWS (15471d26adc9105aacff43efdc6a6e36)] -> xpath: //button[@type='submit']]
